<?xml version="1.0" encoding="UTF-8"?>
<!-- Generated by org.testng.reporters.JUnitReportReporter -->
<testsuite skipped="0" hostname="BLRKEC266430L" name="testCases.TC_001$dataProvider" tests="3" failures="0" timestamp="06 Nov 2019 12:28:39 GMT" time="1.338" errors="0">
  <testcase name="testcase1" time="0.399" classname="testCases.TC_001$dataProvider"/>
  <testcase name="testcase1" time="0.607" classname="testCases.TC_001$dataProvider"/>
  <testcase name="testcase1" time="0.332" classname="testCases.TC_001$dataProvider"/>
</testsuite> <!-- testCases.TC_001$dataProvider -->
