<?xml version="1.0" encoding="UTF-8"?>
<!-- Generated by org.testng.reporters.JUnitReportReporter -->
<testsuite skipped="0" hostname="BLRKEC266430L" name="testCases.TC_001" tests="5" failures="0" timestamp="09 Nov 2019 13:16:06 GMT" time="60.972" errors="0">
  <testcase name="testcase1" time="19.077" classname="testCases.TC_001"/>
  <testcase name="testcase1" time="11.200" classname="testCases.TC_001"/>
  <testcase name="testcase1" time="9.235" classname="testCases.TC_001"/>
  <testcase name="testcase1" time="10.255" classname="testCases.TC_001"/>
  <testcase name="testcase1" time="11.205" classname="testCases.TC_001"/>
</testsuite> <!-- testCases.TC_001 -->
