<?xml version="1.0" encoding="UTF-8"?>
<!-- Generated by org.testng.reporters.JUnitReportReporter -->
<testsuite skipped="0" hostname="BLRKEC266430L" name="testCases.TC_001" tests="5" failures="0" timestamp="10 Nov 2019 15:12:02 GMT" time="186.439" errors="0">
  <testcase name="testcase1" time="52.981" classname="testCases.TC_001"/>
  <testcase name="testcase1" time="23.292" classname="testCases.TC_001"/>
  <testcase name="testcase1" time="25.752" classname="testCases.TC_001"/>
  <testcase name="testcase1" time="27.771" classname="testCases.TC_001"/>
  <testcase name="testcase1" time="56.643" classname="testCases.TC_001"/>
</testsuite> <!-- testCases.TC_001 -->
