<?xml version="1.0" encoding="UTF-8"?>
<!-- Generated by org.testng.reporters.JUnitReportReporter -->
<testsuite skipped="0" hostname="BLRKEC266430L" name="testCases.TC_001" tests="5" failures="0" timestamp="10 Nov 2019 10:28:10 GMT" time="82.408" errors="0">
  <testcase name="testcase1" time="17.453" classname="testCases.TC_001"/>
  <testcase name="testcase1" time="19.237" classname="testCases.TC_001"/>
  <testcase name="testcase1" time="12.235" classname="testCases.TC_001"/>
  <testcase name="testcase1" time="19.983" classname="testCases.TC_001"/>
  <testcase name="testcase1" time="13.500" classname="testCases.TC_001"/>
</testsuite> <!-- testCases.TC_001 -->
