<?xml version="1.0" encoding="UTF-8"?>
<!-- Generated by org.testng.reporters.JUnitReportReporter -->
<testsuite skipped="0" hostname="BLRKEC266430L" name="testCases.TC_001" tests="5" failures="0" timestamp="07 Nov 2019 01:24:20 GMT" time="77.930" errors="0">
  <testcase name="testcase1" time="13.497" classname="testCases.TC_001"/>
  <testcase name="testcase1" time="13.504" classname="testCases.TC_001"/>
  <testcase name="testcase1" time="15.446" classname="testCases.TC_001"/>
  <testcase name="testcase1" time="21.998" classname="testCases.TC_001"/>
  <testcase name="testcase1" time="13.485" classname="testCases.TC_001"/>
</testsuite> <!-- testCases.TC_001 -->
